Performing C++ SOURCE FILE Test CAFFE2_NEED_TO_TURN_OFF_DEPRECATION_WARNING failed with the following output:
Change Dir: /Users/wulongfei/pytorch/build/CMakeFiles/CMakeTmp

Run Build Command(s):/usr/bin/make -f Makefile cmTC_dc9b3/fast && /Library/Developer/CommandLineTools/usr/bin/make  -f CMakeFiles/cmTC_dc9b3.dir/build.make CMakeFiles/cmTC_dc9b3.dir/build
Building CXX object CMakeFiles/cmTC_dc9b3.dir/src.cxx.o
/Library/Developer/CommandLineTools/usr/bin/c++ -DCAFFE2_NEED_TO_TURN_OFF_DEPRECATION_WARNING  -std=c++14 -isysroot /Library/Developer/CommandLineTools/SDKs/MacOSX.sdk -std=gnu++14 -MD -MT CMakeFiles/cmTC_dc9b3.dir/src.cxx.o -MF CMakeFiles/cmTC_dc9b3.dir/src.cxx.o.d -o CMakeFiles/cmTC_dc9b3.dir/src.cxx.o -c /Users/wulongfei/pytorch/build/CMakeFiles/CMakeTmp/src.cxx
/Users/wulongfei/pytorch/build/CMakeFiles/CMakeTmp/src.cxx:1:10: fatal error: 'glog/stl_logging.h' file not found
#include <glog/stl_logging.h>
         ^~~~~~~~~~~~~~~~~~~~
1 error generated.
make[1]: *** [CMakeFiles/cmTC_dc9b3.dir/src.cxx.o] Error 1
make: *** [cmTC_dc9b3/fast] Error 2


Source file was:
#include <glog/stl_logging.h>
    int main(int argc, char** argv) {
      return 0;
    }
Performing C SOURCE FILE Test C_HAS_AVX_1 failed with the following output:
Change Dir: /Users/wulongfei/pytorch/build/CMakeFiles/CMakeTmp

Run Build Command(s):/usr/bin/make -f Makefile cmTC_ef9b6/fast && /Library/Developer/CommandLineTools/usr/bin/make  -f CMakeFiles/cmTC_ef9b6.dir/build.make CMakeFiles/cmTC_ef9b6.dir/build
Building C object CMakeFiles/cmTC_ef9b6.dir/src.c.o
/Library/Developer/CommandLineTools/usr/bin/cc -DC_HAS_AVX_1  -isysroot /Library/Developer/CommandLineTools/SDKs/MacOSX.sdk -std=gnu11 -MD -MT CMakeFiles/cmTC_ef9b6.dir/src.c.o -MF CMakeFiles/cmTC_ef9b6.dir/src.c.o.d -o CMakeFiles/cmTC_ef9b6.dir/src.c.o -c /Users/wulongfei/pytorch/build/CMakeFiles/CMakeTmp/src.c
/Users/wulongfei/pytorch/build/CMakeFiles/CMakeTmp/src.c:7:9: error: always_inline function '_mm256_set1_ps' requires target feature 'avx', but would be inlined into function 'main' that is compiled without support for 'avx'
    a = _mm256_set1_ps(0);
        ^
/Users/wulongfei/pytorch/build/CMakeFiles/CMakeTmp/src.c:7:9: error: AVX vector return of type '__m256' (vector of 8 'float' values) without 'avx' enabled changes the ABI
2 errors generated.
make[1]: *** [CMakeFiles/cmTC_ef9b6.dir/src.c.o] Error 1
make: *** [cmTC_ef9b6/fast] Error 2


Source file was:

  #include <immintrin.h>

  int main()
  {
    __m256 a;
    a = _mm256_set1_ps(0);
    return 0;
  }

Performing C SOURCE FILE Test C_HAS_AVX2_1 failed with the following output:
Change Dir: /Users/wulongfei/pytorch/build/CMakeFiles/CMakeTmp

Run Build Command(s):/usr/bin/make -f Makefile cmTC_9f30b/fast && /Library/Developer/CommandLineTools/usr/bin/make  -f CMakeFiles/cmTC_9f30b.dir/build.make CMakeFiles/cmTC_9f30b.dir/build
Building C object CMakeFiles/cmTC_9f30b.dir/src.c.o
/Library/Developer/CommandLineTools/usr/bin/cc -DC_HAS_AVX2_1  -isysroot /Library/Developer/CommandLineTools/SDKs/MacOSX.sdk -std=gnu11 -MD -MT CMakeFiles/cmTC_9f30b.dir/src.c.o -MF CMakeFiles/cmTC_9f30b.dir/src.c.o.d -o CMakeFiles/cmTC_9f30b.dir/src.c.o -c /Users/wulongfei/pytorch/build/CMakeFiles/CMakeTmp/src.c
/Users/wulongfei/pytorch/build/CMakeFiles/CMakeTmp/src.c:7:9: error: always_inline function '_mm256_abs_epi16' requires target feature 'avx2', but would be inlined into function 'main' that is compiled without support for 'avx2'
    a = _mm256_abs_epi16(a);
        ^
/Users/wulongfei/pytorch/build/CMakeFiles/CMakeTmp/src.c:7:9: error: AVX vector argument of type '__m256i' (vector of 4 'long long' values) without 'avx' enabled changes the ABI
/Users/wulongfei/pytorch/build/CMakeFiles/CMakeTmp/src.c:9:5: error: '__builtin_ia32_vec_ext_v4di' needs target feature avx
    _mm256_extract_epi64(x, 0); // we rely on this in our AVX2 code
    ^
/Library/Developer/CommandLineTools/usr/lib/clang/13.1.6/include/avxintrin.h:2024:14: note: expanded from macro '_mm256_extract_epi64'
  (long long)__builtin_ia32_vec_ext_v4di((__v4di)(__m256i)(X), (int)(N))
             ^
3 errors generated.
make[1]: *** [CMakeFiles/cmTC_9f30b.dir/src.c.o] Error 1
make: *** [cmTC_9f30b/fast] Error 2


Source file was:

  #include <immintrin.h>

  int main()
  {
    __m256i a = {0};
    a = _mm256_abs_epi16(a);
    __m256i x;
    _mm256_extract_epi64(x, 0); // we rely on this in our AVX2 code
    return 0;
  }

Performing C SOURCE FILE Test C_HAS_AVX512_1 failed with the following output:
Change Dir: /Users/wulongfei/pytorch/build/CMakeFiles/CMakeTmp

Run Build Command(s):/usr/bin/make -f Makefile cmTC_73c90/fast && /Library/Developer/CommandLineTools/usr/bin/make  -f CMakeFiles/cmTC_73c90.dir/build.make CMakeFiles/cmTC_73c90.dir/build
Building C object CMakeFiles/cmTC_73c90.dir/src.c.o
/Library/Developer/CommandLineTools/usr/bin/cc -DC_HAS_AVX512_1  -isysroot /Library/Developer/CommandLineTools/SDKs/MacOSX.sdk -std=gnu11 -MD -MT CMakeFiles/cmTC_73c90.dir/src.c.o -MF CMakeFiles/cmTC_73c90.dir/src.c.o.d -o CMakeFiles/cmTC_73c90.dir/src.c.o -c /Users/wulongfei/pytorch/build/CMakeFiles/CMakeTmp/src.c
/Users/wulongfei/pytorch/build/CMakeFiles/CMakeTmp/src.c:6:17: error: always_inline function '_mm512_set_epi8' requires target feature 'avx512f', but would be inlined into function 'main' that is compiled without support for 'avx512f'
    __m512i a = _mm512_set_epi8(0, 0, 0, 0, 0, 0, 0, 0,
                ^
/Users/wulongfei/pytorch/build/CMakeFiles/CMakeTmp/src.c:6:17: error: AVX vector return of type '__m512i' (vector of 8 'long long' values) without 'avx512f' enabled changes the ABI
/Users/wulongfei/pytorch/build/CMakeFiles/CMakeTmp/src.c:15:31: error: '__builtin_ia32_cmpb512_mask' needs target feature avx512bw
    __mmask64 equality_mask = _mm512_cmp_epi8_mask(a, b, _MM_CMPINT_EQ);
                              ^
/Library/Developer/CommandLineTools/usr/lib/clang/13.1.6/include/avx512bwintrin.h:235:14: note: expanded from macro '_mm512_cmp_epi8_mask'
  (__mmask64)__builtin_ia32_cmpb512_mask((__v64qi)(__m512i)(a), \
             ^
3 errors generated.
make[1]: *** [CMakeFiles/cmTC_73c90.dir/src.c.o] Error 1
make: *** [cmTC_73c90/fast] Error 2


Source file was:

  #include <immintrin.h>

  int main()
  {
    __m512i a = _mm512_set_epi8(0, 0, 0, 0, 0, 0, 0, 0,
                                0, 0, 0, 0, 0, 0, 0, 0,
                                0, 0, 0, 0, 0, 0, 0, 0,
                                0, 0, 0, 0, 0, 0, 0, 0,
                                0, 0, 0, 0, 0, 0, 0, 0,
                                0, 0, 0, 0, 0, 0, 0, 0,
                                0, 0, 0, 0, 0, 0, 0, 0,
                                0, 0, 0, 0, 0, 0, 0, 0);
    __m512i b = a;
    __mmask64 equality_mask = _mm512_cmp_epi8_mask(a, b, _MM_CMPINT_EQ);
    return 0;
  }

Performing C SOURCE FILE Test CXX_HAS_AVX_1 failed with the following output:
Change Dir: /Users/wulongfei/pytorch/build/CMakeFiles/CMakeTmp

Run Build Command(s):/usr/bin/make -f Makefile cmTC_31804/fast && /Library/Developer/CommandLineTools/usr/bin/make  -f CMakeFiles/cmTC_31804.dir/build.make CMakeFiles/cmTC_31804.dir/build
Building C object CMakeFiles/cmTC_31804.dir/src.c.o
/Library/Developer/CommandLineTools/usr/bin/cc -DCXX_HAS_AVX_1  -isysroot /Library/Developer/CommandLineTools/SDKs/MacOSX.sdk -std=gnu11 -MD -MT CMakeFiles/cmTC_31804.dir/src.c.o -MF CMakeFiles/cmTC_31804.dir/src.c.o.d -o CMakeFiles/cmTC_31804.dir/src.c.o -c /Users/wulongfei/pytorch/build/CMakeFiles/CMakeTmp/src.c
/Users/wulongfei/pytorch/build/CMakeFiles/CMakeTmp/src.c:7:9: error: always_inline function '_mm256_set1_ps' requires target feature 'avx', but would be inlined into function 'main' that is compiled without support for 'avx'
    a = _mm256_set1_ps(0);
        ^
/Users/wulongfei/pytorch/build/CMakeFiles/CMakeTmp/src.c:7:9: error: AVX vector return of type '__m256' (vector of 8 'float' values) without 'avx' enabled changes the ABI
2 errors generated.
make[1]: *** [CMakeFiles/cmTC_31804.dir/src.c.o] Error 1
make: *** [cmTC_31804/fast] Error 2


Source file was:

  #include <immintrin.h>

  int main()
  {
    __m256 a;
    a = _mm256_set1_ps(0);
    return 0;
  }

Performing C SOURCE FILE Test CXX_HAS_AVX2_1 failed with the following output:
Change Dir: /Users/wulongfei/pytorch/build/CMakeFiles/CMakeTmp

Run Build Command(s):/usr/bin/make -f Makefile cmTC_f9be6/fast && /Library/Developer/CommandLineTools/usr/bin/make  -f CMakeFiles/cmTC_f9be6.dir/build.make CMakeFiles/cmTC_f9be6.dir/build
Building C object CMakeFiles/cmTC_f9be6.dir/src.c.o
/Library/Developer/CommandLineTools/usr/bin/cc -DCXX_HAS_AVX2_1  -isysroot /Library/Developer/CommandLineTools/SDKs/MacOSX.sdk -std=gnu11 -MD -MT CMakeFiles/cmTC_f9be6.dir/src.c.o -MF CMakeFiles/cmTC_f9be6.dir/src.c.o.d -o CMakeFiles/cmTC_f9be6.dir/src.c.o -c /Users/wulongfei/pytorch/build/CMakeFiles/CMakeTmp/src.c
/Users/wulongfei/pytorch/build/CMakeFiles/CMakeTmp/src.c:7:9: error: always_inline function '_mm256_abs_epi16' requires target feature 'avx2', but would be inlined into function 'main' that is compiled without support for 'avx2'
    a = _mm256_abs_epi16(a);
        ^
/Users/wulongfei/pytorch/build/CMakeFiles/CMakeTmp/src.c:7:9: error: AVX vector argument of type '__m256i' (vector of 4 'long long' values) without 'avx' enabled changes the ABI
/Users/wulongfei/pytorch/build/CMakeFiles/CMakeTmp/src.c:9:5: error: '__builtin_ia32_vec_ext_v4di' needs target feature avx
    _mm256_extract_epi64(x, 0); // we rely on this in our AVX2 code
    ^
/Library/Developer/CommandLineTools/usr/lib/clang/13.1.6/include/avxintrin.h:2024:14: note: expanded from macro '_mm256_extract_epi64'
  (long long)__builtin_ia32_vec_ext_v4di((__v4di)(__m256i)(X), (int)(N))
             ^
3 errors generated.
make[1]: *** [CMakeFiles/cmTC_f9be6.dir/src.c.o] Error 1
make: *** [cmTC_f9be6/fast] Error 2


Source file was:

  #include <immintrin.h>

  int main()
  {
    __m256i a = {0};
    a = _mm256_abs_epi16(a);
    __m256i x;
    _mm256_extract_epi64(x, 0); // we rely on this in our AVX2 code
    return 0;
  }

Performing C SOURCE FILE Test CXX_HAS_AVX512_1 failed with the following output:
Change Dir: /Users/wulongfei/pytorch/build/CMakeFiles/CMakeTmp

Run Build Command(s):/usr/bin/make -f Makefile cmTC_2417b/fast && /Library/Developer/CommandLineTools/usr/bin/make  -f CMakeFiles/cmTC_2417b.dir/build.make CMakeFiles/cmTC_2417b.dir/build
Building C object CMakeFiles/cmTC_2417b.dir/src.c.o
/Library/Developer/CommandLineTools/usr/bin/cc -DCXX_HAS_AVX512_1  -isysroot /Library/Developer/CommandLineTools/SDKs/MacOSX.sdk -std=gnu11 -MD -MT CMakeFiles/cmTC_2417b.dir/src.c.o -MF CMakeFiles/cmTC_2417b.dir/src.c.o.d -o CMakeFiles/cmTC_2417b.dir/src.c.o -c /Users/wulongfei/pytorch/build/CMakeFiles/CMakeTmp/src.c
/Users/wulongfei/pytorch/build/CMakeFiles/CMakeTmp/src.c:6:17: error: always_inline function '_mm512_set_epi8' requires target feature 'avx512f', but would be inlined into function 'main' that is compiled without support for 'avx512f'
    __m512i a = _mm512_set_epi8(0, 0, 0, 0, 0, 0, 0, 0,
                ^
/Users/wulongfei/pytorch/build/CMakeFiles/CMakeTmp/src.c:6:17: error: AVX vector return of type '__m512i' (vector of 8 'long long' values) without 'avx512f' enabled changes the ABI
/Users/wulongfei/pytorch/build/CMakeFiles/CMakeTmp/src.c:15:31: error: '__builtin_ia32_cmpb512_mask' needs target feature avx512bw
    __mmask64 equality_mask = _mm512_cmp_epi8_mask(a, b, _MM_CMPINT_EQ);
                              ^
/Library/Developer/CommandLineTools/usr/lib/clang/13.1.6/include/avx512bwintrin.h:235:14: note: expanded from macro '_mm512_cmp_epi8_mask'
  (__mmask64)__builtin_ia32_cmpb512_mask((__v64qi)(__m512i)(a), \
             ^
3 errors generated.
make[1]: *** [CMakeFiles/cmTC_2417b.dir/src.c.o] Error 1
make: *** [cmTC_2417b/fast] Error 2


Source file was:

  #include <immintrin.h>

  int main()
  {
    __m512i a = _mm512_set_epi8(0, 0, 0, 0, 0, 0, 0, 0,
                                0, 0, 0, 0, 0, 0, 0, 0,
                                0, 0, 0, 0, 0, 0, 0, 0,
                                0, 0, 0, 0, 0, 0, 0, 0,
                                0, 0, 0, 0, 0, 0, 0, 0,
                                0, 0, 0, 0, 0, 0, 0, 0,
                                0, 0, 0, 0, 0, 0, 0, 0,
                                0, 0, 0, 0, 0, 0, 0, 0);
    __m512i b = a;
    __mmask64 equality_mask = _mm512_cmp_epi8_mask(a, b, _MM_CMPINT_EQ);
    return 0;
  }

Performing C SOURCE FILE Test BLAS_F2C_FLOAT_WORKS failed with the following compile output:
Change Dir: /Users/wulongfei/pytorch/build/CMakeFiles/CMakeTmp

Run Build Command(s):/usr/bin/make -f Makefile cmTC_43abf/fast && /Library/Developer/CommandLineTools/usr/bin/make  -f CMakeFiles/cmTC_43abf.dir/build.make CMakeFiles/cmTC_43abf.dir/build
Building C object CMakeFiles/cmTC_43abf.dir/src.c.o
/Library/Developer/CommandLineTools/usr/bin/cc -DBLAS_F2C_FLOAT_WORKS  -isysroot /Library/Developer/CommandLineTools/SDKs/MacOSX.sdk -std=gnu11 -MD -MT CMakeFiles/cmTC_43abf.dir/src.c.o -MF CMakeFiles/cmTC_43abf.dir/src.c.o.d -o CMakeFiles/cmTC_43abf.dir/src.c.o -c /Users/wulongfei/pytorch/build/CMakeFiles/CMakeTmp/src.c
Linking C executable cmTC_43abf
/usr/local/Cellar/cmake/3.22.1/bin/cmake -E cmake_link_script CMakeFiles/cmTC_43abf.dir/link.txt --verbose=1
/Library/Developer/CommandLineTools/usr/bin/cc  -isysroot /Library/Developer/CommandLineTools/SDKs/MacOSX.sdk -Wl,-search_paths_first -Wl,-headerpad_max_install_names  -rdynamic  CMakeFiles/cmTC_43abf.dir/src.c.o -o cmTC_43abf  -framework Accelerate 


...and run output:

Return value: 1
Source file was:

  #include <stdlib.h>
  #include <stdio.h>
  float x[4] = { 1, 2, 3, 4 };
  float y[4] = { .1, .01, .001, .0001 };
  int four = 4;
  int one = 1;
  extern float sdot_();
  int main() {
    int i;
    double r = sdot_(&four, x, &one, y, &one);
    exit((float)r != (float).1234);
  }
Determining if the function sbgemm_ exists failed with the following output:
Change Dir: /Users/wulongfei/pytorch/build/CMakeFiles/CMakeTmp

Run Build Command(s):/usr/bin/make -f Makefile cmTC_38159/fast && /Library/Developer/CommandLineTools/usr/bin/make  -f CMakeFiles/cmTC_38159.dir/build.make CMakeFiles/cmTC_38159.dir/build
Building C object CMakeFiles/cmTC_38159.dir/CheckFunctionExists.c.o
/Library/Developer/CommandLineTools/usr/bin/cc   -DCHECK_FUNCTION_EXISTS=sbgemm_ -isysroot /Library/Developer/CommandLineTools/SDKs/MacOSX.sdk -std=gnu11 -MD -MT CMakeFiles/cmTC_38159.dir/CheckFunctionExists.c.o -MF CMakeFiles/cmTC_38159.dir/CheckFunctionExists.c.o.d -o CMakeFiles/cmTC_38159.dir/CheckFunctionExists.c.o -c /usr/local/Cellar/cmake/3.22.1/share/cmake/Modules/CheckFunctionExists.c
Linking C executable cmTC_38159
/usr/local/Cellar/cmake/3.22.1/bin/cmake -E cmake_link_script CMakeFiles/cmTC_38159.dir/link.txt --verbose=1
/Library/Developer/CommandLineTools/usr/bin/cc  -DCHECK_FUNCTION_EXISTS=sbgemm_ -isysroot /Library/Developer/CommandLineTools/SDKs/MacOSX.sdk -Wl,-search_paths_first -Wl,-headerpad_max_install_names  -rdynamic  CMakeFiles/cmTC_38159.dir/CheckFunctionExists.c.o -o cmTC_38159  -framework Accelerate 
Undefined symbols for architecture x86_64:
  "_sbgemm_", referenced from:
      _main in CheckFunctionExists.c.o
ld: symbol(s) not found for architecture x86_64
clang: error: linker command failed with exit code 1 (use -v to see invocation)
make[1]: *** [cmTC_38159] Error 1
make: *** [cmTC_38159/fast] Error 2



Checking whether the ASM compiler is GNU using "--version" did not match "(GNU assembler)|(GCC)|(Free Software Foundation)":
Apple clang version 13.1.6 (clang-1316.0.21.2.3)
Target: x86_64-apple-darwin21.4.0
Thread model: posix
InstalledDir: /Library/Developer/CommandLineTools/usr/bin
Performing C SOURCE FILE Test NNPACK_ARCH_IS_X86_32 failed with the following output:
Change Dir: /Users/wulongfei/pytorch/build/CMakeFiles/CMakeTmp

Run Build Command(s):/usr/bin/make -f Makefile cmTC_7d032/fast && /Library/Developer/CommandLineTools/usr/bin/make  -f CMakeFiles/cmTC_7d032.dir/build.make CMakeFiles/cmTC_7d032.dir/build
Building C object CMakeFiles/cmTC_7d032.dir/src.c.o
/Library/Developer/CommandLineTools/usr/bin/cc -DNNPACK_ARCH_IS_X86_32  -isysroot /Library/Developer/CommandLineTools/SDKs/MacOSX.sdk -std=gnu11 -MD -MT CMakeFiles/cmTC_7d032.dir/src.c.o -MF CMakeFiles/cmTC_7d032.dir/src.c.o.d -o CMakeFiles/cmTC_7d032.dir/src.c.o -c /Users/wulongfei/pytorch/build/CMakeFiles/CMakeTmp/src.c
/Users/wulongfei/pytorch/build/CMakeFiles/CMakeTmp/src.c:3:10: error: AVX only on x86_64
        #error AVX only on x86_64
         ^
1 error generated.
make[1]: *** [CMakeFiles/cmTC_7d032.dir/src.c.o] Error 1
make: *** [cmTC_7d032/fast] Error 2


Source file was:

      #if ! (defined(__i386) || defined(_M_IX86))
        #error AVX only on x86_64
      #endif
      int main() {
        return 0;
      }
Determining if the function shm_open exists in the rt failed with the following output:
Change Dir: /Users/wulongfei/pytorch/build/CMakeFiles/CMakeTmp

Run Build Command(s):/usr/bin/make -f Makefile cmTC_d6039/fast && /Library/Developer/CommandLineTools/usr/bin/make  -f CMakeFiles/cmTC_d6039.dir/build.make CMakeFiles/cmTC_d6039.dir/build
Building C object CMakeFiles/cmTC_d6039.dir/CheckFunctionExists.c.o
/Library/Developer/CommandLineTools/usr/bin/cc   -DCHECK_FUNCTION_EXISTS=shm_open -isysroot /Library/Developer/CommandLineTools/SDKs/MacOSX.sdk -MD -MT CMakeFiles/cmTC_d6039.dir/CheckFunctionExists.c.o -MF CMakeFiles/cmTC_d6039.dir/CheckFunctionExists.c.o.d -o CMakeFiles/cmTC_d6039.dir/CheckFunctionExists.c.o -c /usr/local/Cellar/cmake/3.22.1/share/cmake/Modules/CheckFunctionExists.c
Linking C executable cmTC_d6039
/usr/local/Cellar/cmake/3.22.1/bin/cmake -E cmake_link_script CMakeFiles/cmTC_d6039.dir/link.txt --verbose=1
/Library/Developer/CommandLineTools/usr/bin/cc  -DCHECK_FUNCTION_EXISTS=shm_open -isysroot /Library/Developer/CommandLineTools/SDKs/MacOSX.sdk -Wl,-search_paths_first -Wl,-headerpad_max_install_names CMakeFiles/cmTC_d6039.dir/CheckFunctionExists.c.o -o cmTC_d6039  -lrt 
ld: library not found for -lrt
clang: error: linker command failed with exit code 1 (use -v to see invocation)
make[1]: *** [cmTC_d6039] Error 1
make: *** [cmTC_d6039/fast] Error 2



Performing C++ SOURCE FILE Test HAVE_CXX_FLAG_WD654 failed with the following output:
Change Dir: /Users/wulongfei/pytorch/build/CMakeFiles/CMakeTmp

Run Build Command(s):/usr/bin/make -f Makefile cmTC_65c04/fast && /Library/Developer/CommandLineTools/usr/bin/make  -f CMakeFiles/cmTC_65c04.dir/build.make CMakeFiles/cmTC_65c04.dir/build
Building CXX object CMakeFiles/cmTC_65c04.dir/src.cxx.o
/Library/Developer/CommandLineTools/usr/bin/c++ -DHAVE_CXX_FLAG_WD654  -Wno-deprecated -fvisibility-inlines-hidden -Wno-deprecated-declarations -DUSE_PTHREADPOOL  -std=c++11  -Wall  -Wextra  -Wshadow  -Wsuggest-override  -pedantic  -pedantic-errors  -Wshorten-64-to-32  -fstrict-aliasing  -Wno-deprecated-declarations  -Wstrict-aliasing  -wd654 -isysroot /Library/Developer/CommandLineTools/SDKs/MacOSX.sdk   -wd654 -std=gnu++14 -MD -MT CMakeFiles/cmTC_65c04.dir/src.cxx.o -MF CMakeFiles/cmTC_65c04.dir/src.cxx.o.d -o CMakeFiles/cmTC_65c04.dir/src.cxx.o -c /Users/wulongfei/pytorch/build/CMakeFiles/CMakeTmp/src.cxx
clang: error: unknown argument: '-wd654'
clang: error: unknown argument: '-wd654'
make[1]: *** [CMakeFiles/cmTC_65c04.dir/src.cxx.o] Error 1
make: *** [cmTC_65c04/fast] Error 2


Source file was:
int main() { return 0; }
Performing C++ SOURCE FILE Test __CxxFlag__fno_semantic_interposition failed with the following output:
Change Dir: /Users/wulongfei/pytorch/build/CMakeFiles/CMakeTmp

Run Build Command(s):/usr/bin/make -f Makefile cmTC_5fc7b/fast && /Library/Developer/CommandLineTools/usr/bin/make  -f CMakeFiles/cmTC_5fc7b.dir/build.make CMakeFiles/cmTC_5fc7b.dir/build
Building CXX object CMakeFiles/cmTC_5fc7b.dir/src.cxx.o
/Library/Developer/CommandLineTools/usr/bin/c++ -D__CxxFlag__fno_semantic_interposition  -Wno-deprecated -fvisibility-inlines-hidden -Wno-deprecated-declarations -DUSE_PTHREADPOOL -Wall -Wextra -Werror -Wno-deprecated-declarations  -isysroot /Library/Developer/CommandLineTools/SDKs/MacOSX.sdk   -fno-semantic-interposition -std=gnu++14 -MD -MT CMakeFiles/cmTC_5fc7b.dir/src.cxx.o -MF CMakeFiles/cmTC_5fc7b.dir/src.cxx.o.d -o CMakeFiles/cmTC_5fc7b.dir/src.cxx.o -c /Users/wulongfei/pytorch/build/CMakeFiles/CMakeTmp/src.cxx
clang: error: argument unused during compilation: '-fno-semantic-interposition' [-Werror,-Wunused-command-line-argument]
make[1]: *** [CMakeFiles/cmTC_5fc7b.dir/src.cxx.o] Error 1
make: *** [cmTC_5fc7b/fast] Error 2


Source file was:
int main() { return 0; }
Performing C++ SOURCE FILE Test __CxxFlag__fno_enforce_eh_specs failed with the following output:
Change Dir: /Users/wulongfei/pytorch/build/CMakeFiles/CMakeTmp

Run Build Command(s):/usr/bin/make -f Makefile cmTC_8e5e5/fast && /Library/Developer/CommandLineTools/usr/bin/make  -f CMakeFiles/cmTC_8e5e5.dir/build.make CMakeFiles/cmTC_8e5e5.dir/build
Building CXX object CMakeFiles/cmTC_8e5e5.dir/src.cxx.o
/Library/Developer/CommandLineTools/usr/bin/c++ -D__CxxFlag__fno_enforce_eh_specs  -Wno-deprecated -fvisibility-inlines-hidden -Wno-deprecated-declarations -DUSE_PTHREADPOOL -Wall -Wextra -Werror -Wno-deprecated-declarations  -isysroot /Library/Developer/CommandLineTools/SDKs/MacOSX.sdk   -fno-enforce-eh-specs -std=gnu++14 -MD -MT CMakeFiles/cmTC_8e5e5.dir/src.cxx.o -MF CMakeFiles/cmTC_8e5e5.dir/src.cxx.o.d -o CMakeFiles/cmTC_8e5e5.dir/src.cxx.o -c /Users/wulongfei/pytorch/build/CMakeFiles/CMakeTmp/src.cxx
clang: error: unknown argument: '-fno-enforce-eh-specs'
make[1]: *** [CMakeFiles/cmTC_8e5e5.dir/src.cxx.o] Error 1
make: *** [cmTC_8e5e5/fast] Error 2


Source file was:
int main() { return 0; }
